<?xml version="1.0" encoding="UTF-8"?>
<!-- Generated by org.testng.reporters.JUnitXMLReporter -->
<testsuite ignored="0" hostname="DESKTOP-L19L6D6" failures="0" tests="6" name="Surefire test" time="40.928" errors="0" timestamp="2026-04-08T22:30:04 IST">
  <testcase classname="api.tests.APITest" name="testCreateUser" time="3.49"/>
  <testcase classname="api.tests.APITest" name="testDeleteUser" time="1.356"/>
  <testcase classname="api.tests.APITest" name="testGetSingleUser" time="3.055"/>
  <testcase classname="api.tests.APITest" name="testGetUsers" time="1.677"/>
  <testcase classname="api.tests.APITest" name="testUpdateUser" time="23.245"/>
  <testcase classname="io.cucumber.testng.AbstractTestNGCucumberTests" name="runScenario" time="5.941"/>
</testsuite> <!-- Surefire test -->
