<?xml version="1.0" encoding="UTF-8"?>
<testng-results ignored="0" total="6" passed="6" failed="0" skipped="0">
  <reporter-output>
  </reporter-output>
  <suite started-at="2026-04-08T22:29:23 IST" name="Surefire suite" finished-at="2026-04-08T22:30:04 IST" duration-ms="40928">
    <groups>
      <group name="cucumber">
        <method signature="AbstractTestNGCucumberTests.runScenario(io.cucumber.testng.PickleWrapper,io.cucumber.testng.FeatureWrapper)[pri:0, instance:runner.TestRunner@6e20b53a]" name="runScenario" class="io.cucumber.testng.AbstractTestNGCucumberTests"/>
      </group> <!-- cucumber -->
    </groups>
    <test started-at="2026-04-08T22:29:23 IST" name="Surefire test" finished-at="2026-04-08T22:30:04 IST" duration-ms="40928">
      <class name="api.tests.APITest">
        <test-method is-config="true" signature="setup()[pri:0, instance:api.tests.APITest@7fa98a66]" started-at="2026-04-08T22:29:23 IST" name="setup" finished-at="2026-04-08T22:29:24 IST" duration-ms="1008" status="PASS">
          <reporter-output>
          </reporter-output>
        </test-method> <!-- setup -->
        <test-method signature="testCreateUser()[pri:0, instance:api.tests.APITest@7fa98a66]" started-at="2026-04-08T22:29:24 IST" name="testCreateUser" finished-at="2026-04-08T22:29:27 IST" duration-ms="3490" status="PASS">
          <reporter-output>
          </reporter-output>
        </test-method> <!-- testCreateUser -->
        <test-method signature="testDeleteUser()[pri:0, instance:api.tests.APITest@7fa98a66]" started-at="2026-04-08T22:29:27 IST" name="testDeleteUser" finished-at="2026-04-08T22:29:29 IST" duration-ms="1356" status="PASS">
          <reporter-output>
          </reporter-output>
        </test-method> <!-- testDeleteUser -->
        <test-method signature="testGetSingleUser()[pri:0, instance:api.tests.APITest@7fa98a66]" started-at="2026-04-08T22:29:29 IST" name="testGetSingleUser" finished-at="2026-04-08T22:29:32 IST" duration-ms="3055" status="PASS">
          <reporter-output>
          </reporter-output>
        </test-method> <!-- testGetSingleUser -->
        <test-method signature="testGetUsers()[pri:0, instance:api.tests.APITest@7fa98a66]" started-at="2026-04-08T22:29:32 IST" name="testGetUsers" finished-at="2026-04-08T22:29:33 IST" duration-ms="1677" status="PASS">
          <reporter-output>
          </reporter-output>
        </test-method> <!-- testGetUsers -->
        <test-method signature="testUpdateUser()[pri:0, instance:api.tests.APITest@7fa98a66]" started-at="2026-04-08T22:29:33 IST" name="testUpdateUser" finished-at="2026-04-08T22:29:57 IST" duration-ms="23245" status="PASS">
          <reporter-output>
          </reporter-output>
        </test-method> <!-- testUpdateUser -->
      </class> <!-- api.tests.APITest -->
      <class name="runner.TestRunner">
        <test-method is-config="true" signature="setUpClass(org.testng.ITestContext)[pri:0, instance:runner.TestRunner@6e20b53a]" started-at="2026-04-08T22:29:57 IST" name="setUpClass" finished-at="2026-04-08T22:29:58 IST" duration-ms="959" status="PASS">
          <params>
            <param index="0">
              <value>
                <![CDATA[org.testng.TestRunner@74b7497b]]>
              </value>
            </param>
          </params>
          <reporter-output>
          </reporter-output>
        </test-method> <!-- setUpClass -->
        <test-method signature="runScenario(io.cucumber.testng.PickleWrapper,io.cucumber.testng.FeatureWrapper)[pri:0, instance:runner.TestRunner@6e20b53a]" started-at="2026-04-08T22:29:58 IST" name="runScenario" description="Runs Cucumber Scenarios" data-provider="scenarios" finished-at="2026-04-08T22:30:03 IST" duration-ms="5941" status="PASS">
          <params>
            <param index="0">
              <value>
                <![CDATA["Verify login page title"]]>
              </value>
            </param>
            <param index="1">
              <value>
                <![CDATA["Login Test"]]>
              </value>
            </param>
          </params>
          <reporter-output>
          </reporter-output>
        </test-method> <!-- runScenario -->
        <test-method is-config="true" signature="tearDownClass()[pri:0, instance:runner.TestRunner@6e20b53a]" started-at="2026-04-08T22:30:03 IST" name="tearDownClass" finished-at="2026-04-08T22:30:04 IST" duration-ms="103" status="PASS">
          <reporter-output>
          </reporter-output>
        </test-method> <!-- tearDownClass -->
      </class> <!-- runner.TestRunner -->
    </test> <!-- Surefire test -->
  </suite> <!-- Surefire suite -->
</testng-results>
