<?xml version="1.0" encoding="UTF-8"?>
<!-- Generated by org.testng.reporters.JUnitReportReporter -->
<testsuite hostname="DESKTOP-L19L6D6" failures="0" tests="5" name="api.tests.APITest" time="32.823" errors="0" timestamp="2026-04-08T22:30:04 IST" skipped="0">
  <testcase classname="api.tests.APITest" name="testCreateUser" time="3.490"/>
  <testcase classname="api.tests.APITest" name="testGetUsers" time="1.677"/>
  <testcase classname="api.tests.APITest" name="testUpdateUser" time="23.245"/>
  <testcase classname="api.tests.APITest" name="testGetSingleUser" time="3.055"/>
  <testcase classname="api.tests.APITest" name="testDeleteUser" time="1.356"/>
</testsuite> <!-- api.tests.APITest -->
